Change Component Comment : Designator=R10 Old Comment=ValueManufacturerPartNumber New Comment=
Change Component Comment : Designator=R11 Old Comment=ValueManufacturerPartNumber New Comment=
Change Component Comment : Designator=R12 Old Comment=ValueManufacturerPartNumber New Comment=
Change Component Comment : Designator=R13 Old Comment=ValueManufacturerPartNumber New Comment=
Change Component Comment : Designator=R14 Old Comment=ValueManufacturerPartNumber New Comment=
Change Component Comment : Designator=R15 Old Comment=ValueManufacturerPartNumber New Comment=
Change component parameters: Designator = "K3" ("K3"); Footprint = "RM96"; UniqueID = "\EBVUKFCT" ("\EBVUKFCT")
Change component parameters (AddParameter): Name = "Help URL"; Value = "https://lsys.by/katalog/avtomatizatsiya_kontrol_upravlenie_i_vizualizatsiya/rele/rele_rm96_3011_35_1012_1co_8a_250vac_12vdc_agsno2_dlya_pechatnykh_plat_i_tsokolya_ip67.html"; VariantName = "[No Variations]"
Change component parameters (AddParameter): Name = "Mount"; Value = ""; VariantName = "[No Variations]"
Change component parameters (AddParameter): Name = "Name"; Value = "Relay"; VariantName = "[No Variations]"
Change component parameters (AddParameter): Name = "Value"; Value = "RM96-3011-35-1012"; VariantName = "[No Variations]"
Change component parameters: Designator = "K4" ("K4"); Footprint = "RM96"; UniqueID = "\XXYVONDG" ("\XXYVONDG")
Change component parameters (AddParameter): Name = "Help URL"; Value = "https://lsys.by/katalog/avtomatizatsiya_kontrol_upravlenie_i_vizualizatsiya/rele/rele_rm96_3011_35_1012_1co_8a_250vac_12vdc_agsno2_dlya_pechatnykh_plat_i_tsokolya_ip67.html"; VariantName = "[No Variations]"
Change component parameters (AddParameter): Name = "Mount"; Value = ""; VariantName = "[No Variations]"
Change component parameters (AddParameter): Name = "Name"; Value = "Relay"; VariantName = "[No Variations]"
Change component parameters (AddParameter): Name = "Value"; Value = "RM96-3011-35-1012"; VariantName = "[No Variations]"
Change component parameters: Designator = "R10" ("R10"); Footprint = "RES: 0603"; UniqueID = "\PSGQWPPY" ("\PSGQWPPY")
Change component parameters (AddParameter): Name = "Help URL"; Value = "https://www.chipdip.by/product0/9000079736"; VariantName = "[No Variations]"
Change component parameters (AddParameter): Name = "Mount"; Value = "0603"; VariantName = "[No Variations]"
Change component parameters (AddParameter): Name = "Name"; Value = "Resistor"; VariantName = "[No Variations]"
Change component parameters (AddParameter): Name = "Value"; Value = "10K"; VariantName = "[No Variations]"
Change component parameters: Designator = "R11" ("R11"); Footprint = "RES: 0603"; UniqueID = "\VTKJWJHX" ("\VTKJWJHX")
Change component parameters (AddParameter): Name = "Help URL"; Value = "https://www.chipdip.by/product0/9000079736"; VariantName = "[No Variations]"
Change component parameters (AddParameter): Name = "Mount"; Value = "0603"; VariantName = "[No Variations]"
Change component parameters (AddParameter): Name = "Name"; Value = "Resistor"; VariantName = "[No Variations]"
Change component parameters (AddParameter): Name = "Value"; Value = "10K"; VariantName = "[No Variations]"
Change component parameters: Designator = "R12" ("R12"); Footprint = "RES: 0603"; UniqueID = "\EKIEDDEQ" ("\EKIEDDEQ")
Change component parameters (AddParameter): Name = "Help URL"; Value = "https://www.chipdip.by/product0/9000079719"; VariantName = "[No Variations]"
Change component parameters (AddParameter): Name = "Mount"; Value = "0603"; VariantName = "[No Variations]"
Change component parameters (AddParameter): Name = "Name"; Value = "Resistor"; VariantName = "[No Variations]"
Change component parameters (AddParameter): Name = "Value"; Value = "2K"; VariantName = "[No Variations]"
Change component parameters: Designator = "R13" ("R13"); Footprint = "RES: 0603"; UniqueID = "\AMFCSDLU" ("\AMFCSDLU")
Change component parameters (AddParameter): Name = "Help URL"; Value = "https://www.chipdip.by/product0/9000079716"; VariantName = "[No Variations]"
Change component parameters (AddParameter): Name = "Mount"; Value = "0603"; VariantName = "[No Variations]"
Change component parameters (AddParameter): Name = "Name"; Value = "Resistor"; VariantName = "[No Variations]"
Change component parameters (AddParameter): Name = "Value"; Value = "1.5K"; VariantName = "[No Variations]"
Change component parameters: Designator = "R14" ("R14"); Footprint = "RES: 0603"; UniqueID = "\KCNQNXWD" ("\KCNQNXWD")
Change component parameters (AddParameter): Name = "Help URL"; Value = "https://www.chipdip.by/product0/9000079736"; VariantName = "[No Variations]"
Change component parameters (AddParameter): Name = "Mount"; Value = "0603"; VariantName = "[No Variations]"
Change component parameters (AddParameter): Name = "Name"; Value = "Resistor"; VariantName = "[No Variations]"
Change component parameters (AddParameter): Name = "Value"; Value = "10K"; VariantName = "[No Variations]"
Change component parameters: Designator = "R15" ("R15"); Footprint = "RES: 0603"; UniqueID = "\OBPQIPGE" ("\OBPQIPGE")
Change component parameters (AddParameter): Name = "Help URL"; Value = "https://www.chipdip.by/product0/9000079736"; VariantName = "[No Variations]"
Change component parameters (AddParameter): Name = "Mount"; Value = "0603"; VariantName = "[No Variations]"
Change component parameters (AddParameter): Name = "Name"; Value = "Resistor"; VariantName = "[No Variations]"
Change component parameters (AddParameter): Name = "Value"; Value = "10K"; VariantName = "[No Variations]"
Change component parameters: Designator = "U3" ("U3"); Footprint = "LTV-357"; UniqueID = "\LEMLXFRH" ("\LEMLXFRH")
Change component parameters (AddParameter): Name = "Help URL"; Value = "https://ru.mouser.com/ProductDetail/Lite-On/LTV-357T-C?qs=5Clb0NIqk7GSgoJHRX%2FA8w%3D%3D"; VariantName = "[No Variations]"
Change component parameters (AddParameter): Name = "Mount"; Value = "SOP-4"; VariantName = "[No Variations]"
Change component parameters (AddParameter): Name = "Name"; Value = "Optocoupler"; VariantName = "[No Variations]"
Change component parameters (AddParameter): Name = "Value"; Value = "LTV-357T"; VariantName = "[No Variations]"
Change component parameters: Designator = "VD3" ("VD3"); Footprint = "BAS-216"; UniqueID = "\KRQWFLQG" ("\KRQWFLQG")
Change component parameters (AddParameter): Name = "Help URL"; Value = "https://ru.mouser.com/ProductDetail/NXP-Semiconductors/BAS216135?qs=sGAEpiMZZMt46bMQRT2SLtKcIfZzIcNXKf3pOWs6a1A%3D"; VariantName = "[No Variations]"
Change component parameters (AddParameter): Name = "Mount"; Value = "SOD-110"; VariantName = "[No Variations]"
Change component parameters (AddParameter): Name = "Name"; Value = "Diode"; VariantName = "[No Variations]"
Change component parameters (AddParameter): Name = "Value"; Value = "BAS216"; VariantName = "[No Variations]"
Change component parameters: Designator = "VD5" ("VD5"); Footprint = "BAS-216"; UniqueID = "\EYHHUFPY" ("\EYHHUFPY")
Change component parameters (AddParameter): Name = "Help URL"; Value = "https://ru.mouser.com/ProductDetail/NXP-Semiconductors/BAS216135?qs=sGAEpiMZZMt46bMQRT2SLtKcIfZzIcNXKf3pOWs6a1A%3D"; VariantName = "[No Variations]"
Change component parameters (AddParameter): Name = "Mount"; Value = "SOD-110"; VariantName = "[No Variations]"
Change component parameters (AddParameter): Name = "Name"; Value = "Diode"; VariantName = "[No Variations]"
Change component parameters (AddParameter): Name = "Value"; Value = "BAS216"; VariantName = "[No Variations]"
Change component parameters: Designator = "VT3" ("VT3"); Footprint = "NX7002"; UniqueID = "\WMAFVFWX" ("\WMAFVFWX")
Change component parameters (AddParameter): Name = "Help URL"; Value = "https://ru.mouser.com/ProductDetail/Nexperia/NX7002AKVL?qs=1GAP6L74MtTHifGD7E%252BJaw%3D%3D"; VariantName = "[No Variations]"
Change component parameters (AddParameter): Name = "Mount"; Value = "SOT-23-3"; VariantName = "[No Variations]"
Change component parameters (AddParameter): Name = "Name"; Value = "MOSFET"; VariantName = "[No Variations]"
Change component parameters (AddParameter): Name = "Value"; Value = "NX7002AK"; VariantName = "[No Variations]"
Change component parameters: Designator = "XP1" ("XP1"); Footprint = "MSTB 2.5 5-GF-5.08"; UniqueID = "\FJCTSAEF" ("\FJCTSAEF")
Change component parameters (AddParameter): Name = "Help URL"; Value = "https://www.phoenixcontact.com/online/portal/ru/?uri=pxc-oc-itemdetail:pid=1776537&library=ruru&pcck=P-11-02-11&tab=1&selectedCategory=ALL"; VariantName = "[No Variations]"
Change component parameters (AddParameter): Name = "Mount"; Value = ""; VariantName = "[No Variations]"
Change component parameters (AddParameter): Name = "Name"; Value = "Connector"; VariantName = "[No Variations]"
Change component parameters (AddParameter): Name = "Value"; Value = "MSTB 2,5/ 5-GF-5,08"; VariantName = "[No Variations]"
Change component parameters: Designator = "XP2" ("XP2"); Footprint = "TE_5650859-5"; UniqueID = "\QJOXMHSH" ("\QJOXMHSH")
Change component parameters (AddParameter): Name = "Help URL"; Value = "https://www.chipdip.by/product/din41612r-ds1118-32m-r23"; VariantName = "[No Variations]"
Change component parameters (AddParameter): Name = "Mount"; Value = ""; VariantName = "[No Variations]"
Change component parameters (AddParameter): Name = "Name"; Value = "Connector"; VariantName = "[No Variations]"
Change component parameters (AddParameter): Name = "Value"; Value = "DIN41612R (DS1118-32M-R23)"; VariantName = "[No Variations]"
Add Component: Footprint Not Found IC_P850-G120-WH
Add Component: Footprint Not Found IC_P850-G120-WH
Add Component: Footprint Not Found IC_P850-G120-WH
Add Component: Footprint Not Found IC_P850-G120-WH
Add Component: Footprint Not Found IC_P850-G120-WH
Add Component: Footprint Not Found IC_P850-G120-WH
Add Component: Footprint Not Found TVS_2031-42T-SM-RPLF
Add Component: Footprint Not Found TVS_2031-42T-SM-RPLF
Add Component: Footprint Not Found TVS_2031-42T-SM-RPLF
Add Component: Footprint Not Found TVS_2031-42T-SM-RPLF
Add Component: Footprint Not Found TVS_2031-42T-SM-RPLF
Add Component: Footprint Not Found TVS_2031-42T-SM-RPLF
Add Component: Footprint Not Found TVS_2031-42T-SM-RPLF
Add Component: Footprint Not Found TVS_2031-42T-SM-RPLF
Add Component: Footprint Not Found TVS_2031-42T-SM-RPLF
Add Component: Footprint Not Found TVS_2031-42T-SM-RPLF
Add Component: Footprint Not Found TVS_2031-42T-SM-RPLF
Add Component: Footprint Not Found TVS_2031-42T-SM-RPLF
Add Component: Footprint Not Found RM96
Add Component: Footprint Not Found IND_B82725S2602N002
Added Component: Designator=R5(RES: 0603)
Add component (AddParameter): Name = "Help URL"; Value = "https://www.chipdip.by/product0/9000079736"; VariantName = "[No Variations]"
Add component (AddParameter): Name = "Mount"; Value = "0603"; VariantName = "[No Variations]"
Add component (AddParameter): Name = "Name"; Value = "Resistor"; VariantName = "[No Variations]"
Add component (AddParameter): Name = "Value"; Value = "10K"; VariantName = "[No Variations]"
Added Component: Designator=R6(RES: 0603)
Add component (AddParameter): Name = "Help URL"; Value = "https://www.chipdip.by/product0/9000079736"; VariantName = "[No Variations]"
Add component (AddParameter): Name = "Mount"; Value = "0603"; VariantName = "[No Variations]"
Add component (AddParameter): Name = "Name"; Value = "Resistor"; VariantName = "[No Variations]"
Add component (AddParameter): Name = "Value"; Value = "10K"; VariantName = "[No Variations]"
Added Component: Designator=R7(RES: 0603)
Add component (AddParameter): Name = "Help URL"; Value = "https://www.chipdip.by/product0/9000079719"; VariantName = "[No Variations]"
Add component (AddParameter): Name = "Mount"; Value = "0603"; VariantName = "[No Variations]"
Add component (AddParameter): Name = "Name"; Value = "Resistor"; VariantName = "[No Variations]"
Add component (AddParameter): Name = "Value"; Value = "2K"; VariantName = "[No Variations]"
Added Component: Designator=R8(RES: 0603)
Add component (AddParameter): Name = "Help URL"; Value = "https://www.chipdip.by/product0/9000079676"; VariantName = "[No Variations]"
Add component (AddParameter): Name = "Mount"; Value = "0603"; VariantName = "[No Variations]"
Add component (AddParameter): Name = "Name"; Value = "Resistor"; VariantName = "[No Variations]"
Add component (AddParameter): Name = "Value"; Value = "1K"; VariantName = "[No Variations]"
Added Component: Designator=R9(RES: 0603)
Add component (AddParameter): Name = "Help URL"; Value = "https://www.chipdip.by/product0/9000079736"; VariantName = "[No Variations]"
Add component (AddParameter): Name = "Mount"; Value = "0603"; VariantName = "[No Variations]"
Add component (AddParameter): Name = "Name"; Value = "Resistor"; VariantName = "[No Variations]"
Add component (AddParameter): Name = "Value"; Value = "10K"; VariantName = "[No Variations]"
Add Component: Footprint Not Found DO214AA
Add Component: Footprint Not Found DO214AA
Add Component: Footprint Not Found DO214AA
Add Component: Footprint Not Found DO214AA
Add Component: Footprint Not Found DO214AA
Add Component: Footprint Not Found DO214AA
Add Component: Footprint Not Found DO214AA
Add Component: Footprint Not Found DO214AA
Add Component: Footprint Not Found DO214AA
Add Component: Footprint Not Found DO214AA
Add Component: Footprint Not Found DO214AA
Add Component: Footprint Not Found DO214AA
Add Component: Footprint Not Found LTV-357
Added Component: Designator=UG?(ECL30-P)
Add component (AddParameter): Name = "Analogue"; Value = ""; VariantName = "[No Variations]"
Add component (AddParameter): Name = "Datasheet"; Value = "https://www.xppower.com/portals/0/pdfs/SF_ECL30.pdf"; VariantName = "[No Variations]"
Add component (AddParameter): Name = "HelpURL"; Value = "https://eu.mouser.com/ProductDetail/XP-Power/ECL30UD03-P?qs=w%2Fv1CP2dgqp0UmTCbSDp0g%3D%3D"; VariantName = "[No Variations]"
Add component (AddParameter): Name = "Manufacturer"; Value = "XP Power"; VariantName = "[No Variations]"
Add component (AddParameter): Name = "Package/Case"; Value = ""; VariantName = "[No Variations]"
Add component (AddParameter): Name = "Product Category"; Value = "Switching Power Supplies"; VariantName = "[No Variations]"
Add component (AddParameter): Name = "Value"; Value = ""; VariantName = "[No Variations]"
Add Component: Footprint Not Found BAS-216
Add Component: Footprint Not Found NX7002
Add Component: Footprint Not Found MSTB 2.5 5-GF-5.08
Add Component: Footprint Not Found MSTB 2.5 5-GF-5.08
Add Component: Footprint Not Found MSTB 2.5 5-GF-5.08
Add Component: Footprint Not Found IDC-40
Add Pin To Net: Unknown Pin: Pin F1-1A
Add Pin To Net: Unknown Pin: Pin F1-1
Add Pin To Net: Unknown Pin: Pin F1-3A
Add Pin To Net: Unknown Pin: Pin F1-3
Add Pin To Net: Unknown Pin: Pin F1-4A
Add Pin To Net: Unknown Pin: Pin F1-4
Add Pin To Net: Unknown Pin: Pin F1-6A
Add Pin To Net: Unknown Pin: Pin F1-6
Add Pin To Net: Unknown Pin: Pin F3-1A
Add Pin To Net: Unknown Pin: Pin F3-1
Add Pin To Net: Unknown Pin: Pin F3-3A
Add Pin To Net: Unknown Pin: Pin F3-3
Add Pin To Net: Unknown Pin: Pin F3-4A
Add Pin To Net: Unknown Pin: Pin F3-4
Add Pin To Net: Unknown Pin: Pin F3-6A
Add Pin To Net: Unknown Pin: Pin F3-6
Add Pin To Net: Unknown Pin: Pin F4-1A
Add Pin To Net: Unknown Pin: Pin F4-1
Add Pin To Net: Unknown Pin: Pin F4-3A
Add Pin To Net: Unknown Pin: Pin F4-3
Add Pin To Net: Unknown Pin: Pin F4-4A
Add Pin To Net: Unknown Pin: Pin F4-4
Add Pin To Net: Unknown Pin: Pin F4-6A
Add Pin To Net: Unknown Pin: Pin F4-6
Add Pin To Net: Unknown Pin: Pin F5-1A
Add Pin To Net: Unknown Pin: Pin F5-1
Add Pin To Net: Unknown Pin: Pin F5-3A
Add Pin To Net: Unknown Pin: Pin F5-3
Add Pin To Net: Unknown Pin: Pin F5-4A
Add Pin To Net: Unknown Pin: Pin F5-4
Add Pin To Net: Unknown Pin: Pin F5-6A
Add Pin To Net: Unknown Pin: Pin F5-6
Add Pin To Net: Unknown Pin: Pin F6-1A
Add Pin To Net: Unknown Pin: Pin F6-1
Add Pin To Net: Unknown Pin: Pin F6-3A
Add Pin To Net: Unknown Pin: Pin F6-3
Add Pin To Net: Unknown Pin: Pin F6-4A
Add Pin To Net: Unknown Pin: Pin F6-4
Add Pin To Net: Unknown Pin: Pin F6-6A
Add Pin To Net: Unknown Pin: Pin F6-6
Add Pin To Net: Unknown Pin: Pin F7-1A
Add Pin To Net: Unknown Pin: Pin F7-1
Add Pin To Net: Unknown Pin: Pin F7-3A
Add Pin To Net: Unknown Pin: Pin F7-3
Add Pin To Net: Unknown Pin: Pin F7-4A
Add Pin To Net: Unknown Pin: Pin F7-4
Add Pin To Net: Unknown Pin: Pin F7-6A
Add Pin To Net: Unknown Pin: Pin F7-6
Add Pin To Net: Unknown Pin: Pin G1-1
Add Pin To Net: Unknown Pin: Pin G1-2
Add Pin To Net: Unknown Pin: Pin G2-1
Add Pin To Net: Unknown Pin: Pin G2-2
Add Pin To Net: Unknown Pin: Pin G5-1
Add Pin To Net: Unknown Pin: Pin G5-2
Add Pin To Net: Unknown Pin: Pin G6-1
Add Pin To Net: Unknown Pin: Pin G6-2
Add Pin To Net: Unknown Pin: Pin G7-1
Add Pin To Net: Unknown Pin: Pin G7-2
Add Pin To Net: Unknown Pin: Pin G8-1
Add Pin To Net: Unknown Pin: Pin G8-2
Add Pin To Net: Unknown Pin: Pin G9-1
Add Pin To Net: Unknown Pin: Pin G9-2
Add Pin To Net: Unknown Pin: Pin G10-1
Add Pin To Net: Unknown Pin: Pin G10-2
Add Pin To Net: Unknown Pin: Pin G11-1
Add Pin To Net: Unknown Pin: Pin G11-2
Add Pin To Net: Unknown Pin: Pin G12-1
Add Pin To Net: Unknown Pin: Pin G12-2
Add Pin To Net: Unknown Pin: Pin G13-1
Add Pin To Net: Unknown Pin: Pin G13-2
Add Pin To Net: Unknown Pin: Pin G14-1
Add Pin To Net: Unknown Pin: Pin G14-2
Add Pin To Net: Unknown Pin: Pin K2-1
Add Pin To Net: Unknown Pin: Pin K2-2
Add Pin To Net: Unknown Pin: Pin K2-4
Add Pin To Net: Unknown Pin: Pin K2-5
Add Pin To Net: Unknown Pin: Pin L1-1
Add Pin To Net: Unknown Pin: Pin L1-4
Added Pin To Net: NetName=COM_WATCHDOG Pin=R5-1
Added Pin To Net: NetName=GND_??? Pin=R5-2
Added Pin To Net: NetName=NetK2_2 Pin=R6-1
Added Pin To Net: NetName=VCC_12V Pin=R6-2
Added Pin To Net: NetName=NetR7_1 Pin=R7-1
Added Pin To Net: NetName=NetR7_2 Pin=R7-2
Added Pin To Net: NetName=GND_??? Pin=R8-1
Added Pin To Net: NetName=NetR8_2 Pin=R8-2
Added Pin To Net: NetName=GND_??? Pin=R9-1
Added Pin To Net: NetName=NetR7_1 Pin=R9-2
Add Pin To Net: Unknown Pin: Pin TVS1-1
Add Pin To Net: Unknown Pin: Pin TVS1-2
Add Pin To Net: Unknown Pin: Pin TVS2-1
Add Pin To Net: Unknown Pin: Pin TVS2-2
Add Pin To Net: Unknown Pin: Pin TVS3-1
Add Pin To Net: Unknown Pin: Pin TVS3-2
Add Pin To Net: Unknown Pin: Pin TVS4-1
Add Pin To Net: Unknown Pin: Pin TVS4-2
Add Pin To Net: Unknown Pin: Pin TVS5-1
Add Pin To Net: Unknown Pin: Pin TVS5-2
Add Pin To Net: Unknown Pin: Pin TVS6-1
Add Pin To Net: Unknown Pin: Pin TVS6-2
Add Pin To Net: Unknown Pin: Pin TVS7-1
Add Pin To Net: Unknown Pin: Pin TVS7-2
Add Pin To Net: Unknown Pin: Pin TVS8-1
Add Pin To Net: Unknown Pin: Pin TVS8-2
Add Pin To Net: Unknown Pin: Pin TVS9-1
Add Pin To Net: Unknown Pin: Pin TVS9-2
Add Pin To Net: Unknown Pin: Pin TVS10-1
Add Pin To Net: Unknown Pin: Pin TVS10-2
Add Pin To Net: Unknown Pin: Pin TVS11-1
Add Pin To Net: Unknown Pin: Pin TVS11-2
Add Pin To Net: Unknown Pin: Pin TVS12-1
Add Pin To Net: Unknown Pin: Pin TVS12-2
Add Pin To Net: Unknown Pin: Pin U2-1
Add Pin To Net: Unknown Pin: Pin U2-2
Add Pin To Net: Unknown Pin: Pin U2-3
Add Pin To Net: Unknown Pin: Pin U2-4
Add Pin To Net: Unknown Pin: Pin VD2-1
Add Pin To Net: Unknown Pin: Pin VD2-2
Add Pin To Net: Unknown Pin: Pin VT2-1
Add Pin To Net: Unknown Pin: Pin VT2-2
Add Pin To Net: Unknown Pin: Pin VT2-3
Add Pin To Net: Unknown Pin: Pin XP3-1
Add Pin To Net: Unknown Pin: Pin XP3-2
Add Pin To Net: Unknown Pin: Pin XP3-3
Add Pin To Net: Unknown Pin: Pin XP3-4
Add Pin To Net: Unknown Pin: Pin XP3-5
Add Pin To Net: Unknown Pin: Pin XP4-1
Add Pin To Net: Unknown Pin: Pin XP4-2
Add Pin To Net: Unknown Pin: Pin XP4-3
Add Pin To Net: Unknown Pin: Pin XP4-4
Add Pin To Net: Unknown Pin: Pin XP4-5
Add Pin To Net: Unknown Pin: Pin XP5-1
Add Pin To Net: Unknown Pin: Pin XP5-2
Add Pin To Net: Unknown Pin: Pin XP5-3
Add Pin To Net: Unknown Pin: Pin XP5-4
Add Pin To Net: Unknown Pin: Pin XP5-5
Add Pin To Net: Unknown Pin: Pin XP6-1
Add Pin To Net: Unknown Pin: Pin XP6-2
Add Pin To Net: Unknown Pin: Pin XP6-3
Add Pin To Net: Unknown Pin: Pin XP6-4
Add Pin To Net: Unknown Pin: Pin XP6-5
Add Pin To Net: Unknown Pin: Pin XP6-6
Add Pin To Net: Unknown Pin: Pin XP6-7
Add Pin To Net: Unknown Pin: Pin XP6-8
Add Pin To Net: Unknown Pin: Pin XP6-9
Add Pin To Net: Unknown Pin: Pin XP6-10
Add Pin To Net: Unknown Pin: Pin XP6-11
Add Pin To Net: Unknown Pin: Pin XP6-12
Add Pin To Net: Unknown Pin: Pin XP6-13
Add Pin To Net: Unknown Pin: Pin XP6-14
Add Pin To Net: Unknown Pin: Pin XP6-15
Added Pin To Net: NetName=+5V Pin=UG?-4
Added Net: Name=+5V
Added Pin To Net: NetName=+12V Pin=UG?-6
Added Net: Name=+12V
Added Pin To Net: NetName=GND_5V Pin=UG?-3
Added Net: Name=GND_5V
Added Pin To Net: NetName=GND_12V Pin=UG?-5
Added Net: Name=GND_12V
Add Class Member: Failed to add class member : Component F1 P850-G120-WH
Add Class Member: Failed to add class member : Component F3 P850-G120-WH
Add Class Member: Failed to add class member : Component F4 P850-G120-WH
Add Class Member: Failed to add class member : Component F5 P850-G120-WH
Add Class Member: Failed to add class member : Component F6 P850-G120-WH
Add Class Member: Failed to add class member : Component F7 P850-G120-WH
Add Class Member: Failed to add class member : Component G1 B88069X
Add Class Member: Failed to add class member : Component G2 B88069X
Add Class Member: Failed to add class member : Component G5 B88069X
Add Class Member: Failed to add class member : Component G6 B88069X
Add Class Member: Failed to add class member : Component G7 B88069X
Add Class Member: Failed to add class member : Component G8 B88069X
Add Class Member: Failed to add class member : Component G9 B88069X
Add Class Member: Failed to add class member : Component G10 B88069X
Add Class Member: Failed to add class member : Component G11 B88069X
Add Class Member: Failed to add class member : Component G12 B88069X
Add Class Member: Failed to add class member : Component G13 B88069X
Add Class Member: Failed to add class member : Component G14 B88069X
Add Class Member: Failed to add class member : Component K2 RM96
Add Class Member: Failed to add class member : Component L1 B82725S2602N002
Added Member To Class: ClassName=PWR_SCH Member=Component R5
Added Member To Class: ClassName=PWR_SCH Member=Component R6
Added Member To Class: ClassName=PWR_SCH Member=Component R7
Added Member To Class: ClassName=PWR_SCH Member=Component R8
Added Member To Class: ClassName=PWR_SCH Member=Component R9
Add Class Member: Failed to add class member : Component TVS1 SMBJ16A
Add Class Member: Failed to add class member : Component TVS2 SMBJ16A
Add Class Member: Failed to add class member : Component TVS3 SMBJ16A
Add Class Member: Failed to add class member : Component TVS4 SMBJ16A
Add Class Member: Failed to add class member : Component TVS5 SMBJ16A
Add Class Member: Failed to add class member : Component TVS6 SMBJ16A
Add Class Member: Failed to add class member : Component TVS7 SMBJ16A
Add Class Member: Failed to add class member : Component TVS8 SMBJ16A
Add Class Member: Failed to add class member : Component TVS9 SMBJ16A
Add Class Member: Failed to add class member : Component TVS10 SMBJ16A
Add Class Member: Failed to add class member : Component TVS11 SMBJ16A
Add Class Member: Failed to add class member : Component TVS12 SMBJ16A
Add Class Member: Failed to add class member : Component U2 LTV-357
Added Member To Class: ClassName=PWR_SCH Member=Component UG? ECL30UD03-P
Add Class Member: Failed to add class member : Component VD2 BAS-216
Add Class Member: Failed to add class member : Component VT2 NX7002
Add Class Member: Failed to add class member : Component XP3 MSTB 2,5 5-GF-5,08
Add Class Member: Failed to add class member : Component XP4 MSTB 2,5 5-GF-5,08
Add Class Member: Failed to add class member : Component XP5 MSTB 2,5 5-GF-5,08
Add Class Member: Failed to add class member : Component XP6 IDC-40
